===  Makefile (Keyhunt ML) ===
TORCH_PATH : /home/jherlil/keyhunt/libtorch
CXXFLAGS   : -std=c++17 -march=native -mtune=native -mssse3 -fopenmp -Wall -Wextra -Wno-deprecated-copy -Wno-unused-parameter -D_GLIBCXX_USE_CXX11_ABI=1 -O0 -g3 -ggdb3 -fno-omit-frame-pointer -rdynamic -fsanitize=address,undefined -I. -I/home/jherlil/keyhunt/libtorch/include -I/home/jherlil/keyhunt/libtorch/include/torch -I/home/jherlil/keyhunt/libtorch/include/torch/csrc/api/include -I/home/jherlil/keyhunt/xgboost/include -I/home/jherlil/keyhunt/LightGBM/include -I./include -I/usr/local/include
LDFLAGS    : -L/home/jherlil/keyhunt/libtorch/lib   -Wl,-rpath,/home/jherlil/keyhunt/libtorch/lib -L/home/jherlil/keyhunt/xgboost/lib -Wl,-rpath,/home/jherlil/keyhunt/xgboost/lib -L/home/jherlil/keyhunt/LightGBM    -Wl,-rpath,/home/jherlil/keyhunt/LightGBM -Wl,--export-dynamic -fsanitize=address,undefined
LIBS       : -Wl,--start-group -ltorch -ltorch_cpu -lc10 -Wl,--end-group -lpthread -ldl -lm -lxgboost /home/jherlil/keyhunt/LightGBM/lib_lightgbm.so -lcrypto -lgmp -lz
--------------------------------
g++ -std=c++17 -march=native -mtune=native -mssse3 -fopenmp -Wall -Wextra -Wno-deprecated-copy -Wno-unused-parameter -D_GLIBCXX_USE_CXX11_ABI=1 -O0 -g3 -ggdb3 -fno-omit-frame-pointer -rdynamic -fsanitize=address,undefined -I. -I/home/jherlil/keyhunt/libtorch/include -I/home/jherlil/keyhunt/libtorch/include/torch -I/home/jherlil/keyhunt/libtorch/include/torch/csrc/api/include -I/home/jherlil/keyhunt/xgboost/include -I/home/jherlil/keyhunt/LightGBM/include -I./include -I/usr/local/include -c keyhunt.cpp -o keyhunt.o
keyhunt.cpp: In function ‘int main(int, char**)’:
keyhunt.cpp:423:10: warning: variable ‘stride_u64’ set but not used [-Wunused-but-set-variable]
  423 | uint64_t stride_u64 = 1;
      |          ^~~~~~~~~~
keyhunt.cpp:431:19: warning: unused variable ‘t’ [-Wunused-variable]
  431 |         Tokenizer t,tokenizerbsgs;      //tokenizer
      |                   ^
g++ -std=c++17 -march=native -mtune=native -mssse3 -fopenmp -Wall -Wextra -Wno-deprecated-copy -Wno-unused-parameter -D_GLIBCXX_USE_CXX11_ABI=1 -O0 -g3 -ggdb3 -fno-omit-frame-pointer -rdynamic -fsanitize=address,undefined -I. -I/home/jherlil/keyhunt/libtorch/include -I/home/jherlil/keyhunt/libtorch/include/torch -I/home/jherlil/keyhunt/libtorch/include/torch/csrc/api/include -I/home/jherlil/keyhunt/xgboost/include -I/home/jherlil/keyhunt/LightGBM/include -I./include -I/usr/local/include -c ml_engine.cpp -o ml_engine.o
g++ -std=c++17 -march=native -mtune=native -mssse3 -fopenmp -Wall -Wextra -Wno-deprecated-copy -Wno-unused-parameter -D_GLIBCXX_USE_CXX11_ABI=1 -O0 -g3 -ggdb3 -fno-omit-frame-pointer -rdynamic -fsanitize=address,undefined -I. -I/home/jherlil/keyhunt/libtorch/include -I/home/jherlil/keyhunt/libtorch/include/torch -I/home/jherlil/keyhunt/libtorch/include/torch/csrc/api/include -I/home/jherlil/keyhunt/xgboost/include -I/home/jherlil/keyhunt/LightGBM/include -I./include -I/usr/local/include -c RL_agent.cpp -o RL_agent.o
g++ -std=c++17 -march=native -mtune=native -mssse3 -fopenmp -Wall -Wextra -Wno-deprecated-copy -Wno-unused-parameter -D_GLIBCXX_USE_CXX11_ABI=1 -O0 -g3 -ggdb3 -fno-omit-frame-pointer -rdynamic -fsanitize=address,undefined -I. -I/home/jherlil/keyhunt/libtorch/include -I/home/jherlil/keyhunt/libtorch/include/torch -I/home/jherlil/keyhunt/libtorch/include/torch/csrc/api/include -I/home/jherlil/keyhunt/xgboost/include -I/home/jherlil/keyhunt/LightGBM/include -I./include -I/usr/local/include -c IA_wrapper.cpp -o IA_wrapper.o
g++ -std=c++17 -march=native -mtune=native -mssse3 -fopenmp -Wall -Wextra -Wno-deprecated-copy -Wno-unused-parameter -D_GLIBCXX_USE_CXX11_ABI=1 -O0 -g3 -ggdb3 -fno-omit-frame-pointer -rdynamic -fsanitize=address,undefined -I. -I/home/jherlil/keyhunt/libtorch/include -I/home/jherlil/keyhunt/libtorch/include/torch -I/home/jherlil/keyhunt/libtorch/include/torch/csrc/api/include -I/home/jherlil/keyhunt/xgboost/include -I/home/jherlil/keyhunt/LightGBM/include -I./include -I/usr/local/include -c hits_logger.cpp -o hits_logger.o
g++ -std=c++17 -march=native -mtune=native -mssse3 -fopenmp -Wall -Wextra -Wno-deprecated-copy -Wno-unused-parameter -D_GLIBCXX_USE_CXX11_ABI=1 -O0 -g3 -ggdb3 -fno-omit-frame-pointer -rdynamic -fsanitize=address,undefined -I. -I/home/jherlil/keyhunt/libtorch/include -I/home/jherlil/keyhunt/libtorch/include/torch -I/home/jherlil/keyhunt/libtorch/include/torch/csrc/api/include -I/home/jherlil/keyhunt/xgboost/include -I/home/jherlil/keyhunt/LightGBM/include -I./include -I/usr/local/include -c oldbloom/bloom.cpp -o oldbloom/bloom.o
g++ -std=c++17 -march=native -mtune=native -mssse3 -fopenmp -Wall -Wextra -Wno-deprecated-copy -Wno-unused-parameter -D_GLIBCXX_USE_CXX11_ABI=1 -O0 -g3 -ggdb3 -fno-omit-frame-pointer -rdynamic -fsanitize=address,undefined -I. -I/home/jherlil/keyhunt/libtorch/include -I/home/jherlil/keyhunt/libtorch/include/torch -I/home/jherlil/keyhunt/libtorch/include/torch/csrc/api/include -I/home/jherlil/keyhunt/xgboost/include -I/home/jherlil/keyhunt/LightGBM/include -I./include -I/usr/local/include -c bloom/bloom.cpp -o bloom/bloom.o
gcc -m64 -march=native -mtune=native -mssse3 -Wall -Wextra -Wno-unused-parameter -O0 -g3 -ggdb3 -fno-omit-frame-pointer -rdynamic -fsanitize=address,undefined -c base58/base58.c -o base58/base58.o
gcc -m64 -march=native -mtune=native -mssse3 -Wall -Wextra -Wno-unused-parameter -O0 -g3 -ggdb3 -fno-omit-frame-pointer -rdynamic -fsanitize=address,undefined -c rmd160/rmd160.c -o rmd160/rmd160.o
gcc -m64 -march=native -mtune=native -mssse3 -Wall -Wextra -Wno-unused-parameter -O0 -g3 -ggdb3 -fno-omit-frame-pointer -rdynamic -fsanitize=address,undefined -c sha3/sha3.c -o sha3/sha3.o
gcc -m64 -march=native -mtune=native -mssse3 -Wall -Wextra -Wno-unused-parameter -O0 -g3 -ggdb3 -fno-omit-frame-pointer -rdynamic -fsanitize=address,undefined -c sha3/keccak.c -o sha3/keccak.o
gcc -m64 -march=native -mtune=native -mssse3 -Wall -Wextra -Wno-unused-parameter -O0 -g3 -ggdb3 -fno-omit-frame-pointer -rdynamic -fsanitize=address,undefined -c util.c -o util.o
g++ -std=c++17 -march=native -mtune=native -mssse3 -fopenmp -Wall -Wextra -Wno-deprecated-copy -Wno-unused-parameter -D_GLIBCXX_USE_CXX11_ABI=1 -O0 -g3 -ggdb3 -fno-omit-frame-pointer -rdynamic -fsanitize=address,undefined -I. -I/home/jherlil/keyhunt/libtorch/include -I/home/jherlil/keyhunt/libtorch/include/torch -I/home/jherlil/keyhunt/libtorch/include/torch/csrc/api/include -I/home/jherlil/keyhunt/xgboost/include -I/home/jherlil/keyhunt/LightGBM/include -I./include -I/usr/local/include -c hash/ripemd160.cpp -o hash/ripemd160.o
g++ -std=c++17 -march=native -mtune=native -mssse3 -fopenmp -Wall -Wextra -Wno-deprecated-copy -Wno-unused-parameter -D_GLIBCXX_USE_CXX11_ABI=1 -O0 -g3 -ggdb3 -fno-omit-frame-pointer -rdynamic -fsanitize=address,undefined -I. -I/home/jherlil/keyhunt/libtorch/include -I/home/jherlil/keyhunt/libtorch/include/torch -I/home/jherlil/keyhunt/libtorch/include/torch/csrc/api/include -I/home/jherlil/keyhunt/xgboost/include -I/home/jherlil/keyhunt/LightGBM/include -I./include -I/usr/local/include -c hash/sha256.cpp -o hash/sha256.o
g++ -std=c++17 -march=native -mtune=native -mssse3 -fopenmp -Wall -Wextra -Wno-deprecated-copy -Wno-unused-parameter -D_GLIBCXX_USE_CXX11_ABI=1 -O0 -g3 -ggdb3 -fno-omit-frame-pointer -rdynamic -fsanitize=address,undefined -I. -I/home/jherlil/keyhunt/libtorch/include -I/home/jherlil/keyhunt/libtorch/include/torch -I/home/jherlil/keyhunt/libtorch/include/torch/csrc/api/include -I/home/jherlil/keyhunt/xgboost/include -I/home/jherlil/keyhunt/LightGBM/include -I./include -I/usr/local/include -c hash/ripemd160_sse.cpp -o hash/ripemd160_sse.o
g++ -std=c++17 -march=native -mtune=native -mssse3 -fopenmp -Wall -Wextra -Wno-deprecated-copy -Wno-unused-parameter -D_GLIBCXX_USE_CXX11_ABI=1 -O0 -g3 -ggdb3 -fno-omit-frame-pointer -rdynamic -fsanitize=address,undefined -I. -I/home/jherlil/keyhunt/libtorch/include -I/home/jherlil/keyhunt/libtorch/include/torch -I/home/jherlil/keyhunt/libtorch/include/torch/csrc/api/include -I/home/jherlil/keyhunt/xgboost/include -I/home/jherlil/keyhunt/LightGBM/include -I./include -I/usr/local/include -c hash/sha256_sse.cpp -o hash/sha256_sse.o
gcc -m64 -march=native -mtune=native -mssse3 -Wall -Wextra -Wno-unused-parameter -O0 -g3 -ggdb3 -fno-omit-frame-pointer -rdynamic -fsanitize=address,undefined -c xxhash/xxhash.c -o xxhash/xxhash.o
g++ -std=c++17 -march=native -mtune=native -mssse3 -fopenmp -Wall -Wextra -Wno-deprecated-copy -Wno-unused-parameter -D_GLIBCXX_USE_CXX11_ABI=1 -O0 -g3 -ggdb3 -fno-omit-frame-pointer -rdynamic -fsanitize=address,undefined -I. -I/home/jherlil/keyhunt/libtorch/include -I/home/jherlil/keyhunt/libtorch/include/torch -I/home/jherlil/keyhunt/libtorch/include/torch/csrc/api/include -I/home/jherlil/keyhunt/xgboost/include -I/home/jherlil/keyhunt/LightGBM/include -I./include -I/usr/local/include -c bitcoin_utils.cpp -o bitcoin_utils.o
g++ -std=c++17 -march=native -mtune=native -mssse3 -fopenmp -Wall -Wextra -Wno-deprecated-copy -Wno-unused-parameter -D_GLIBCXX_USE_CXX11_ABI=1 -O0 -g3 -ggdb3 -fno-omit-frame-pointer -rdynamic -fsanitize=address,undefined -I. -I/home/jherlil/keyhunt/libtorch/include -I/home/jherlil/keyhunt/libtorch/include/torch -I/home/jherlil/keyhunt/libtorch/include/torch/csrc/api/include -I/home/jherlil/keyhunt/xgboost/include -I/home/jherlil/keyhunt/LightGBM/include -I./include -I/usr/local/include -c stringutils.cpp -o stringutils.o
g++ -std=c++17 -march=native -mtune=native -mssse3 -fopenmp -Wall -Wextra -Wno-deprecated-copy -Wno-unused-parameter -D_GLIBCXX_USE_CXX11_ABI=1 -O0 -g3 -ggdb3 -fno-omit-frame-pointer -rdynamic -fsanitize=address,undefined -I. -I/home/jherlil/keyhunt/libtorch/include -I/home/jherlil/keyhunt/libtorch/include/torch -I/home/jherlil/keyhunt/libtorch/include/torch/csrc/api/include -I/home/jherlil/keyhunt/xgboost/include -I/home/jherlil/keyhunt/LightGBM/include -I./include -I/usr/local/include -c helpers.cpp -o helpers.o
g++ -std=c++17 -march=native -mtune=native -mssse3 -fopenmp -Wall -Wextra -Wno-deprecated-copy -Wno-unused-parameter -D_GLIBCXX_USE_CXX11_ABI=1 -O0 -g3 -ggdb3 -fno-omit-frame-pointer -rdynamic -fsanitize=address,undefined -I. -I/home/jherlil/keyhunt/libtorch/include -I/home/jherlil/keyhunt/libtorch/include/torch -I/home/jherlil/keyhunt/libtorch/include/torch/csrc/api/include -I/home/jherlil/keyhunt/xgboost/include -I/home/jherlil/keyhunt/LightGBM/include -I./include -I/usr/local/include -c keyutils.cpp -o keyutils.o
g++ -std=c++17 -march=native -mtune=native -mssse3 -fopenmp -Wall -Wextra -Wno-deprecated-copy -Wno-unused-parameter -D_GLIBCXX_USE_CXX11_ABI=1 -O0 -g3 -ggdb3 -fno-omit-frame-pointer -rdynamic -fsanitize=address,undefined -I. -I/home/jherlil/keyhunt/libtorch/include -I/home/jherlil/keyhunt/libtorch/include/torch -I/home/jherlil/keyhunt/libtorch/include/torch/csrc/api/include -I/home/jherlil/keyhunt/xgboost/include -I/home/jherlil/keyhunt/LightGBM/include -I./include -I/usr/local/include -c ia_helpers.cpp -o ia_helpers.o
g++ -std=c++17 -march=native -mtune=native -mssse3 -fopenmp -Wall -Wextra -Wno-deprecated-copy -Wno-unused-parameter -D_GLIBCXX_USE_CXX11_ABI=1 -O0 -g3 -ggdb3 -fno-omit-frame-pointer -rdynamic -fsanitize=address,undefined -I. -I/home/jherlil/keyhunt/libtorch/include -I/home/jherlil/keyhunt/libtorch/include/torch -I/home/jherlil/keyhunt/libtorch/include/torch/csrc/api/include -I/home/jherlil/keyhunt/xgboost/include -I/home/jherlil/keyhunt/LightGBM/include -I./include -I/usr/local/include -c ml_helpers.cpp -o ml_helpers.o
g++ -std=c++17 -march=native -mtune=native -mssse3 -fopenmp -Wall -Wextra -Wno-deprecated-copy -Wno-unused-parameter -D_GLIBCXX_USE_CXX11_ABI=1 -O0 -g3 -ggdb3 -fno-omit-frame-pointer -rdynamic -I. -I/home/jherlil/keyhunt/libtorch/include -I/home/jherlil/keyhunt/libtorch/include/torch -I/home/jherlil/keyhunt/libtorch/include/torch/csrc/api/include -I/home/jherlil/keyhunt/xgboost/include -I/home/jherlil/keyhunt/LightGBM/include -I./include -I/usr/local/include -c secp256k1/Int.cpp -o secp256k1/Int.o
g++ -std=c++17 -march=native -mtune=native -mssse3 -fopenmp -Wall -Wextra -Wno-deprecated-copy -Wno-unused-parameter -D_GLIBCXX_USE_CXX11_ABI=1 -O0 -g3 -ggdb3 -fno-omit-frame-pointer -rdynamic -fsanitize=address,undefined -I. -I/home/jherlil/keyhunt/libtorch/include -I/home/jherlil/keyhunt/libtorch/include/torch -I/home/jherlil/keyhunt/libtorch/include/torch/csrc/api/include -I/home/jherlil/keyhunt/xgboost/include -I/home/jherlil/keyhunt/LightGBM/include -I./include -I/usr/local/include -c secp256k1/Point.cpp -o secp256k1/Point.o
g++ -std=c++17 -march=native -mtune=native -mssse3 -fopenmp -Wall -Wextra -Wno-deprecated-copy -Wno-unused-parameter -D_GLIBCXX_USE_CXX11_ABI=1 -O0 -g3 -ggdb3 -fno-omit-frame-pointer -rdynamic -fsanitize=address,undefined -I. -I/home/jherlil/keyhunt/libtorch/include -I/home/jherlil/keyhunt/libtorch/include/torch -I/home/jherlil/keyhunt/libtorch/include/torch/csrc/api/include -I/home/jherlil/keyhunt/xgboost/include -I/home/jherlil/keyhunt/LightGBM/include -I./include -I/usr/local/include -c secp256k1/SECP256K1.cpp -o secp256k1/SECP256K1.o
g++ -std=c++17 -march=native -mtune=native -mssse3 -fopenmp -Wall -Wextra -Wno-deprecated-copy -Wno-unused-parameter -D_GLIBCXX_USE_CXX11_ABI=1 -O0 -g3 -ggdb3 -fno-omit-frame-pointer -rdynamic -I. -I/home/jherlil/keyhunt/libtorch/include -I/home/jherlil/keyhunt/libtorch/include/torch -I/home/jherlil/keyhunt/libtorch/include/torch/csrc/api/include -I/home/jherlil/keyhunt/xgboost/include -I/home/jherlil/keyhunt/LightGBM/include -I./include -I/usr/local/include -c secp256k1/IntMod.cpp -o secp256k1/IntMod.o
g++ -std=c++17 -march=native -mtune=native -mssse3 -fopenmp -Wall -Wextra -Wno-deprecated-copy -Wno-unused-parameter -D_GLIBCXX_USE_CXX11_ABI=1 -O0 -g3 -ggdb3 -fno-omit-frame-pointer -rdynamic -fsanitize=address,undefined -I. -I/home/jherlil/keyhunt/libtorch/include -I/home/jherlil/keyhunt/libtorch/include/torch -I/home/jherlil/keyhunt/libtorch/include/torch/csrc/api/include -I/home/jherlil/keyhunt/xgboost/include -I/home/jherlil/keyhunt/LightGBM/include -I./include -I/usr/local/include -c secp256k1/Random.cpp -o secp256k1/Random.o
g++ -std=c++17 -march=native -mtune=native -mssse3 -fopenmp -Wall -Wextra -Wno-deprecated-copy -Wno-unused-parameter -D_GLIBCXX_USE_CXX11_ABI=1 -O0 -g3 -ggdb3 -fno-omit-frame-pointer -rdynamic -fsanitize=address,undefined -I. -I/home/jherlil/keyhunt/libtorch/include -I/home/jherlil/keyhunt/libtorch/include/torch -I/home/jherlil/keyhunt/libtorch/include/torch/csrc/api/include -I/home/jherlil/keyhunt/xgboost/include -I/home/jherlil/keyhunt/LightGBM/include -I./include -I/usr/local/include -c secp256k1/IntGroup.cpp -o secp256k1/IntGroup.o
--- Linkando keyhunt ---
g++ keyhunt.o ml_engine.o RL_agent.o IA_wrapper.o hits_logger.o oldbloom/bloom.o bloom/bloom.o base58/base58.o rmd160/rmd160.o sha3/sha3.o sha3/keccak.o util.o hash/ripemd160.o hash/sha256.o hash/ripemd160_sse.o hash/sha256_sse.o xxhash/xxhash.o bitcoin_utils.o stringutils.o helpers.o keyutils.o ia_helpers.o ml_helpers.o secp256k1/Int.o secp256k1/Point.o secp256k1/SECP256K1.o secp256k1/IntMod.o secp256k1/Random.o secp256k1/IntGroup.o -L/home/jherlil/keyhunt/libtorch/lib   -Wl,-rpath,/home/jherlil/keyhunt/libtorch/lib -L/home/jherlil/keyhunt/xgboost/lib -Wl,-rpath,/home/jherlil/keyhunt/xgboost/lib -L/home/jherlil/keyhunt/LightGBM    -Wl,-rpath,/home/jherlil/keyhunt/LightGBM -Wl,--export-dynamic -fsanitize=address,undefined -Wl,--start-group -ltorch -ltorch_cpu -lc10 -Wl,--end-group -lpthread -ldl -lm -lxgboost /home/jherlil/keyhunt/LightGBM/lib_lightgbm.so -lcrypto -lgmp -lz -o keyhunt
/usr/bin/ld: ml_helpers.o: in function `load_model_if_updated(std::__cxx11::basic_string<char, std::char_traits<char>, std::allocator<char> > const&, long&)':
/home/jherlil/keyhunt/ml_helpers.cpp:5: multiple definition of `load_model_if_updated(std::__cxx11::basic_string<char, std::char_traits<char>, std::allocator<char> > const&, long&)'; helpers.o:/home/jherlil/keyhunt/helpers.cpp:95: first defined here
/usr/bin/ld: keyhunt.o: in function `main':
/home/jherlil/keyhunt/keyhunt.cpp:514: undefined reference to `indexOf(char*, char const**, int)'
/usr/bin/ld: /home/jherlil/keyhunt/keyhunt.cpp:544: undefined reference to `indexOf(char*, char const**, int)'
/usr/bin/ld: /home/jherlil/keyhunt/keyhunt.cpp:619: undefined reference to `indexOf(char*, char const**, int)'
/usr/bin/ld: /home/jherlil/keyhunt/keyhunt.cpp:639: undefined reference to `indexOf(char*, char const**, int)'
/usr/bin/ld: /home/jherlil/keyhunt/keyhunt.cpp:709: undefined reference to `isValidHex(char*)'
/usr/bin/ld: /home/jherlil/keyhunt/keyhunt.cpp:709: undefined reference to `isValidHex(char*)'
/usr/bin/ld: /home/jherlil/keyhunt/keyhunt.cpp:994: undefined reference to `trim(char*, char const*)'
/usr/bin/ld: /home/jherlil/keyhunt/keyhunt.cpp:1021: undefined reference to `trim(char*, char const*)'
/usr/bin/ld: keyhunt.o: in function `writevanitykey(bool, Int*)':
/home/jherlil/keyhunt/keyhunt.cpp:5841: undefined reference to `tohex(char*, int)'
/usr/bin/ld: keyhunt.o: in function `addvanity(char*)':
/home/jherlil/keyhunt/keyhunt.cpp:5878: undefined reference to `ia::stop_reporter()'
/usr/bin/ld: keyhunt.o: in function `writekey(bool, Int*)':
/home/jherlil/keyhunt/keyhunt.cpp:6039: undefined reference to `tohex(char*, int)'
/usr/bin/ld: keyhunt.o: in function `writekeyeth(Int*)':
/home/jherlil/keyhunt/keyhunt.cpp:6083: undefined reference to `tohex_dst(char*, int, char*)'
/usr/bin/ld: keyhunt.o: in function `readFileVanity(char*)':
/home/jherlil/keyhunt/keyhunt.cpp:6155: undefined reference to `trim(char*, char const*)'
/usr/bin/ld: keyhunt.o: in function `readFileAddress(char*)':
/home/jherlil/keyhunt/keyhunt.cpp:6197: undefined reference to `tohex_dst(char*, int, char*)'
/usr/bin/ld: keyhunt.o: in function `forceReadFileAddress(char*)':
/home/jherlil/keyhunt/keyhunt.cpp:6370: undefined reference to `trim(char*, char const*)'
/usr/bin/ld: /home/jherlil/keyhunt/keyhunt.cpp:6394: undefined reference to `trim(char*, char const*)'
/usr/bin/ld: /home/jherlil/keyhunt/keyhunt.cpp:6408: undefined reference to `isValidHex(char*)'
/usr/bin/ld: /home/jherlil/keyhunt/keyhunt.cpp:6409: undefined reference to `hexs2bin(char*, unsigned char*)'
/usr/bin/ld: keyhunt.o: in function `forceReadFileAddressEth(char*)':
/home/jherlil/keyhunt/keyhunt.cpp:6442: undefined reference to `trim(char*, char const*)'
/usr/bin/ld: /home/jherlil/keyhunt/keyhunt.cpp:6469: undefined reference to `trim(char*, char const*)'
/usr/bin/ld: /home/jherlil/keyhunt/keyhunt.cpp:6474: undefined reference to `isValidHex(char*)'
/usr/bin/ld: /home/jherlil/keyhunt/keyhunt.cpp:6475: undefined reference to `hexs2bin(char*, unsigned char*)'
/usr/bin/ld: /home/jherlil/keyhunt/keyhunt.cpp:6483: undefined reference to `isValidHex(char*)'
/usr/bin/ld: /home/jherlil/keyhunt/keyhunt.cpp:6484: undefined reference to `hexs2bin(char*, unsigned char*)'
/usr/bin/ld: keyhunt.o: in function `forceReadFileXPoint(char*)':
/home/jherlil/keyhunt/keyhunt.cpp:6522: undefined reference to `trim(char*, char const*)'
/usr/bin/ld: /home/jherlil/keyhunt/keyhunt.cpp:6549: undefined reference to `trim(char*, char const*)'
/usr/bin/ld: /home/jherlil/keyhunt/keyhunt.cpp:6553: undefined reference to `isValidHex(char*)'
/usr/bin/ld: /home/jherlil/keyhunt/keyhunt.cpp:6556: undefined reference to `hexs2bin(char*, unsigned char*)'
/usr/bin/ld: /home/jherlil/keyhunt/keyhunt.cpp:6566: undefined reference to `hexs2bin(char*, unsigned char*)'
/usr/bin/ld: /home/jherlil/keyhunt/keyhunt.cpp:6576: undefined reference to `hexs2bin(char*, unsigned char*)'
/usr/bin/ld: keyhunt.o: in function `writeFileIfNeeded(char const*)':
/home/jherlil/keyhunt/keyhunt.cpp:6642: undefined reference to `tohex_dst(char*, int, char*)'
/usr/bin/ld: IA_wrapper.o: in function `ia::combined_key_score(std::__cxx11::basic_string<char, std::char_traits<char>, std::allocator<char> > const&)':
/home/jherlil/keyhunt/IA_wrapper.cpp:16: undefined reference to `MLEngine::ml_predict(std::vector<float, std::allocator<float> > const&)'
/usr/bin/ld: secp256k1/SECP256K1.o: in function `Secp256K1::GetPublicKeyHex(bool, Point&)':
/home/jherlil/keyhunt/secp256k1/SECP256K1.cpp:180: undefined reference to `tohex(char*, int)'
/usr/bin/ld: /home/jherlil/keyhunt/secp256k1/SECP256K1.cpp:186: undefined reference to `tohex(char*, int)'
/usr/bin/ld: secp256k1/SECP256K1.o: in function `Secp256K1::GetPublicKeyHex(bool, Point&, char*)':
/home/jherlil/keyhunt/secp256k1/SECP256K1.cpp:198: undefined reference to `tohex_dst(char*, int, char*)'
/usr/bin/ld: /home/jherlil/keyhunt/secp256k1/SECP256K1.cpp:204: undefined reference to `tohex_dst(char*, int, char*)'
collect2: error: ld returned 1 exit status
make: *** [Makefile:112: keyhunt] Error 1
